[0327/052508:ERROR:internal_helper.cc(460)] Error while parsing config paths, the following directory does not exist: C:/Users/Sripong/workspace/Unity/Skeleton/Assets\awe_plugins
[0327/052508:INFO:(0)] WebCore is now online.
[0327/052508:INFO:(0)] Running Awesomium 1.7.5.1
[0327/052508:INFO:dhcp_proxy_script_adapter_fetcher_win.cc(265)] Error fetching PAC URL from DHCP: 2
[0327/052514:INFO:dhcp_proxy_script_adapter_fetcher_win.cc(265)] Error fetching PAC URL from DHCP: 2
[0327/052524:INFO:dhcp_proxy_script_adapter_fetcher_win.cc(265)] Error fetching PAC URL from DHCP: 2
[0327/052542:INFO:dhcp_proxy_script_adapter_fetcher_win.cc(265)] Error fetching PAC URL from DHCP: 2
[0327/052617:INFO:dhcp_proxy_script_adapter_fetcher_win.cc(265)] Error fetching PAC URL from DHCP: 2
[0327/052814:ERROR:internal_helper.cc(460)] Error while parsing config paths, the following directory does not exist: C:/Users/Sripong/workspace/Unity/Skeleton/Assets\awe_plugins
[0327/052814:INFO:(0)] WebCore is now online.
[0327/052814:INFO:(0)] Running Awesomium 1.7.5.1
[0327/052814:INFO:dhcp_proxy_script_adapter_fetcher_win.cc(265)] Error fetching PAC URL from DHCP: 2
[0327/052821:INFO:dhcp_proxy_script_adapter_fetcher_win.cc(265)] Error fetching PAC URL from DHCP: 2
[0327/052831:INFO:dhcp_proxy_script_adapter_fetcher_win.cc(265)] Error fetching PAC URL from DHCP: 2
[0327/052849:INFO:dhcp_proxy_script_adapter_fetcher_win.cc(265)] Error fetching PAC URL from DHCP: 2
[0327/052923:INFO:dhcp_proxy_script_adapter_fetcher_win.cc(265)] Error fetching PAC URL from DHCP: 2
[0327/053030:INFO:dhcp_proxy_script_adapter_fetcher_win.cc(265)] Error fetching PAC URL from DHCP: 2
[0327/053915:ERROR:internal_helper.cc(460)] Error while parsing config paths, the following directory does not exist: C:/Users/Sripong/workspace/Unity/Skeleton/Assets\awe_plugins
[0327/053915:INFO:(0)] WebCore is now online.
[0327/053915:INFO:(0)] Running Awesomium 1.7.5.1
[0327/053915:INFO:dhcp_proxy_script_adapter_fetcher_win.cc(265)] Error fetching PAC URL from DHCP: 2
[0327/053921:INFO:dhcp_proxy_script_adapter_fetcher_win.cc(265)] Error fetching PAC URL from DHCP: 2
[0327/053931:INFO:dhcp_proxy_script_adapter_fetcher_win.cc(265)] Error fetching PAC URL from DHCP: 2
[0327/053949:INFO:dhcp_proxy_script_adapter_fetcher_win.cc(265)] Error fetching PAC URL from DHCP: 2
[0327/054024:INFO:dhcp_proxy_script_adapter_fetcher_win.cc(265)] Error fetching PAC URL from DHCP: 2
[0327/054130:INFO:dhcp_proxy_script_adapter_fetcher_win.cc(265)] Error fetching PAC URL from DHCP: 2
[0327/054332:INFO:dhcp_proxy_script_adapter_fetcher_win.cc(265)] Error fetching PAC URL from DHCP: 2
[0327/054535:INFO:dhcp_proxy_script_adapter_fetcher_win.cc(265)] Error fetching PAC URL from DHCP: 2
[0327/054737:INFO:dhcp_proxy_script_adapter_fetcher_win.cc(265)] Error fetching PAC URL from DHCP: 2
[0327/054939:INFO:dhcp_proxy_script_adapter_fetcher_win.cc(265)] Error fetching PAC URL from DHCP: 2
[0327/055141:INFO:dhcp_proxy_script_adapter_fetcher_win.cc(265)] Error fetching PAC URL from DHCP: 2
[0327/055344:INFO:dhcp_proxy_script_adapter_fetcher_win.cc(265)] Error fetching PAC URL from DHCP: 2
[0327/055703:ERROR:internal_helper.cc(460)] Error while parsing config paths, the following directory does not exist: C:/Users/Sripong/workspace/Unity/Skeleton/Assets\awe_plugins
[0327/055703:INFO:(0)] WebCore is now online.
[0327/055703:INFO:(0)] Running Awesomium 1.7.5.1
[0327/055703:INFO:dhcp_proxy_script_adapter_fetcher_win.cc(265)] Error fetching PAC URL from DHCP: 2
[0327/055709:INFO:dhcp_proxy_script_adapter_fetcher_win.cc(265)] Error fetching PAC URL from DHCP: 2
[0327/055719:INFO:dhcp_proxy_script_adapter_fetcher_win.cc(265)] Error fetching PAC URL from DHCP: 2
[0327/055738:INFO:dhcp_proxy_script_adapter_fetcher_win.cc(265)] Error fetching PAC URL from DHCP: 2
[0327/055812:INFO:dhcp_proxy_script_adapter_fetcher_win.cc(265)] Error fetching PAC URL from DHCP: 2
[0327/055918:INFO:dhcp_proxy_script_adapter_fetcher_win.cc(265)] Error fetching PAC URL from DHCP: 2
[0327/060120:INFO:dhcp_proxy_script_adapter_fetcher_win.cc(265)] Error fetching PAC URL from DHCP: 2
[0327/060315:ERROR:ipc_channel_win.cc(360)] pipe error: 232
[0327/060323:INFO:dhcp_proxy_script_adapter_fetcher_win.cc(265)] Error fetching PAC URL from DHCP: 2
[0327/060525:INFO:dhcp_proxy_script_adapter_fetcher_win.cc(265)] Error fetching PAC URL from DHCP: 2
[0327/060727:INFO:dhcp_proxy_script_adapter_fetcher_win.cc(265)] Error fetching PAC URL from DHCP: 2
[0327/060929:INFO:dhcp_proxy_script_adapter_fetcher_win.cc(265)] Error fetching PAC URL from DHCP: 2
[0327/061132:INFO:dhcp_proxy_script_adapter_fetcher_win.cc(265)] Error fetching PAC URL from DHCP: 2
[0327/061334:INFO:dhcp_proxy_script_adapter_fetcher_win.cc(265)] Error fetching PAC URL from DHCP: 2
[0327/061536:INFO:dhcp_proxy_script_adapter_fetcher_win.cc(265)] Error fetching PAC URL from DHCP: 2
[0327/061738:INFO:dhcp_proxy_script_adapter_fetcher_win.cc(265)] Error fetching PAC URL from DHCP: 2
[0327/061941:INFO:dhcp_proxy_script_adapter_fetcher_win.cc(265)] Error fetching PAC URL from DHCP: 2
[0327/062143:INFO:dhcp_proxy_script_adapter_fetcher_win.cc(265)] Error fetching PAC URL from DHCP: 2
[0327/062345:INFO:dhcp_proxy_script_adapter_fetcher_win.cc(265)] Error fetching PAC URL from DHCP: 2
[0327/062547:INFO:dhcp_proxy_script_adapter_fetcher_win.cc(265)] Error fetching PAC URL from DHCP: 2
[0327/062750:INFO:dhcp_proxy_script_adapter_fetcher_win.cc(265)] Error fetching PAC URL from DHCP: 2
[0327/062952:INFO:dhcp_proxy_script_adapter_fetcher_win.cc(265)] Error fetching PAC URL from DHCP: 2
[0327/063154:INFO:dhcp_proxy_script_adapter_fetcher_win.cc(265)] Error fetching PAC URL from DHCP: 2
[0327/063356:INFO:dhcp_proxy_script_adapter_fetcher_win.cc(265)] Error fetching PAC URL from DHCP: 2
[0327/063559:INFO:dhcp_proxy_script_adapter_fetcher_win.cc(265)] Error fetching PAC URL from DHCP: 2
[0327/063801:INFO:dhcp_proxy_script_adapter_fetcher_win.cc(265)] Error fetching PAC URL from DHCP: 2
[0327/064003:INFO:dhcp_proxy_script_adapter_fetcher_win.cc(265)] Error fetching PAC URL from DHCP: 2
[0327/064205:INFO:dhcp_proxy_script_adapter_fetcher_win.cc(265)] Error fetching PAC URL from DHCP: 2
[0327/064408:INFO:dhcp_proxy_script_adapter_fetcher_win.cc(265)] Error fetching PAC URL from DHCP: 2
[0327/064610:INFO:dhcp_proxy_script_adapter_fetcher_win.cc(265)] Error fetching PAC URL from DHCP: 2
[0327/064812:INFO:dhcp_proxy_script_adapter_fetcher_win.cc(265)] Error fetching PAC URL from DHCP: 2
[0327/065014:INFO:dhcp_proxy_script_adapter_fetcher_win.cc(265)] Error fetching PAC URL from DHCP: 2
[0327/065217:INFO:dhcp_proxy_script_adapter_fetcher_win.cc(265)] Error fetching PAC URL from DHCP: 2
[0327/065419:INFO:dhcp_proxy_script_adapter_fetcher_win.cc(265)] Error fetching PAC URL from DHCP: 2
[0327/065621:INFO:dhcp_proxy_script_adapter_fetcher_win.cc(265)] Error fetching PAC URL from DHCP: 2
[0327/065824:INFO:dhcp_proxy_script_adapter_fetcher_win.cc(265)] Error fetching PAC URL from DHCP: 2
[0327/070026:INFO:dhcp_proxy_script_adapter_fetcher_win.cc(265)] Error fetching PAC URL from DHCP: 2
[0327/070228:INFO:dhcp_proxy_script_adapter_fetcher_win.cc(265)] Error fetching PAC URL from DHCP: 2
[0330/210525:ERROR:internal_helper.cc(460)] Error while parsing config paths, the following directory does not exist: C:/Users/Sripong/workspace/Unity/Skeleton/Assets\awe_plugins
[0330/210525:INFO:(0)] WebCore is now online.
[0330/210525:INFO:(0)] Running Awesomium 1.7.5.1
[0330/210525:INFO:dhcp_proxy_script_adapter_fetcher_win.cc(265)] Error fetching PAC URL from DHCP: 2
[0330/210525:INFO:dhcp_proxy_script_adapter_fetcher_win.cc(265)] Error fetching PAC URL from DHCP: 2
[0330/210531:INFO:dhcp_proxy_script_adapter_fetcher_win.cc(265)] Error fetching PAC URL from DHCP: 2
[0330/210531:INFO:dhcp_proxy_script_adapter_fetcher_win.cc(265)] Error fetching PAC URL from DHCP: 2
[0330/210541:INFO:dhcp_proxy_script_adapter_fetcher_win.cc(265)] Error fetching PAC URL from DHCP: 2
[0330/210541:INFO:dhcp_proxy_script_adapter_fetcher_win.cc(265)] Error fetching PAC URL from DHCP: 2
[0330/210600:INFO:dhcp_proxy_script_adapter_fetcher_win.cc(265)] Error fetching PAC URL from DHCP: 2
[0330/210600:INFO:dhcp_proxy_script_adapter_fetcher_win.cc(265)] Error fetching PAC URL from DHCP: 2
[0330/210634:INFO:dhcp_proxy_script_adapter_fetcher_win.cc(265)] Error fetching PAC URL from DHCP: 2
[0330/210634:INFO:dhcp_proxy_script_adapter_fetcher_win.cc(265)] Error fetching PAC URL from DHCP: 2
[0330/210740:INFO:dhcp_proxy_script_adapter_fetcher_win.cc(265)] Error fetching PAC URL from DHCP: 2
[0330/210740:INFO:dhcp_proxy_script_adapter_fetcher_win.cc(265)] Error fetching PAC URL from DHCP: 2
[0330/210942:INFO:dhcp_proxy_script_adapter_fetcher_win.cc(265)] Error fetching PAC URL from DHCP: 2
[0330/210942:INFO:dhcp_proxy_script_adapter_fetcher_win.cc(265)] Error fetching PAC URL from DHCP: 2
[0330/211145:INFO:dhcp_proxy_script_adapter_fetcher_win.cc(265)] Error fetching PAC URL from DHCP: 2
[0330/211145:INFO:dhcp_proxy_script_adapter_fetcher_win.cc(265)] Error fetching PAC URL from DHCP: 2
[0330/211347:INFO:dhcp_proxy_script_adapter_fetcher_win.cc(265)] Error fetching PAC URL from DHCP: 2
[0330/211347:INFO:dhcp_proxy_script_adapter_fetcher_win.cc(265)] Error fetching PAC URL from DHCP: 2
[0330/211549:INFO:dhcp_proxy_script_adapter_fetcher_win.cc(265)] Error fetching PAC URL from DHCP: 2
[0330/211549:INFO:dhcp_proxy_script_adapter_fetcher_win.cc(265)] Error fetching PAC URL from DHCP: 2
[0330/211751:INFO:dhcp_proxy_script_adapter_fetcher_win.cc(265)] Error fetching PAC URL from DHCP: 2
[0330/211751:INFO:dhcp_proxy_script_adapter_fetcher_win.cc(265)] Error fetching PAC URL from DHCP: 2
[0330/211954:INFO:dhcp_proxy_script_adapter_fetcher_win.cc(265)] Error fetching PAC URL from DHCP: 2
[0330/211954:INFO:dhcp_proxy_script_adapter_fetcher_win.cc(265)] Error fetching PAC URL from DHCP: 2
[0330/212156:INFO:dhcp_proxy_script_adapter_fetcher_win.cc(265)] Error fetching PAC URL from DHCP: 2
[0330/212156:INFO:dhcp_proxy_script_adapter_fetcher_win.cc(265)] Error fetching PAC URL from DHCP: 2
[0330/212358:INFO:dhcp_proxy_script_adapter_fetcher_win.cc(265)] Error fetching PAC URL from DHCP: 2
[0330/212358:INFO:dhcp_proxy_script_adapter_fetcher_win.cc(265)] Error fetching PAC URL from DHCP: 2
[0330/212600:INFO:dhcp_proxy_script_adapter_fetcher_win.cc(265)] Error fetching PAC URL from DHCP: 2
[0330/212600:INFO:dhcp_proxy_script_adapter_fetcher_win.cc(265)] Error fetching PAC URL from DHCP: 2
[0330/212803:INFO:dhcp_proxy_script_adapter_fetcher_win.cc(265)] Error fetching PAC URL from DHCP: 2
[0330/212803:INFO:dhcp_proxy_script_adapter_fetcher_win.cc(265)] Error fetching PAC URL from DHCP: 2
[0330/213005:INFO:dhcp_proxy_script_adapter_fetcher_win.cc(265)] Error fetching PAC URL from DHCP: 2
[0330/213005:INFO:dhcp_proxy_script_adapter_fetcher_win.cc(265)] Error fetching PAC URL from DHCP: 2
[0330/213207:INFO:dhcp_proxy_script_adapter_fetcher_win.cc(265)] Error fetching PAC URL from DHCP: 2
[0330/213207:INFO:dhcp_proxy_script_adapter_fetcher_win.cc(265)] Error fetching PAC URL from DHCP: 2
[0330/213409:INFO:dhcp_proxy_script_adapter_fetcher_win.cc(265)] Error fetching PAC URL from DHCP: 2
[0330/213409:INFO:dhcp_proxy_script_adapter_fetcher_win.cc(265)] Error fetching PAC URL from DHCP: 2
[0330/213612:INFO:dhcp_proxy_script_adapter_fetcher_win.cc(265)] Error fetching PAC URL from DHCP: 2
[0330/213612:INFO:dhcp_proxy_script_adapter_fetcher_win.cc(265)] Error fetching PAC URL from DHCP: 2
[0330/213814:INFO:dhcp_proxy_script_adapter_fetcher_win.cc(265)] Error fetching PAC URL from DHCP: 2
[0330/213814:INFO:dhcp_proxy_script_adapter_fetcher_win.cc(265)] Error fetching PAC URL from DHCP: 2
[0330/214016:INFO:dhcp_proxy_script_adapter_fetcher_win.cc(265)] Error fetching PAC URL from DHCP: 2
[0330/214016:INFO:dhcp_proxy_script_adapter_fetcher_win.cc(265)] Error fetching PAC URL from DHCP: 2
[0330/214218:INFO:dhcp_proxy_script_adapter_fetcher_win.cc(265)] Error fetching PAC URL from DHCP: 2
[0330/214218:INFO:dhcp_proxy_script_adapter_fetcher_win.cc(265)] Error fetching PAC URL from DHCP: 2
[0330/214421:INFO:dhcp_proxy_script_adapter_fetcher_win.cc(265)] Error fetching PAC URL from DHCP: 2
[0330/214421:INFO:dhcp_proxy_script_adapter_fetcher_win.cc(265)] Error fetching PAC URL from DHCP: 2
[0330/214623:INFO:dhcp_proxy_script_adapter_fetcher_win.cc(265)] Error fetching PAC URL from DHCP: 2
[0330/214623:INFO:dhcp_proxy_script_adapter_fetcher_win.cc(265)] Error fetching PAC URL from DHCP: 2
[0330/214825:INFO:dhcp_proxy_script_adapter_fetcher_win.cc(265)] Error fetching PAC URL from DHCP: 2
[0330/214825:INFO:dhcp_proxy_script_adapter_fetcher_win.cc(265)] Error fetching PAC URL from DHCP: 2
[0330/215027:INFO:dhcp_proxy_script_adapter_fetcher_win.cc(265)] Error fetching PAC URL from DHCP: 2
[0330/215027:INFO:dhcp_proxy_script_adapter_fetcher_win.cc(265)] Error fetching PAC URL from DHCP: 2
[0330/215230:INFO:dhcp_proxy_script_adapter_fetcher_win.cc(265)] Error fetching PAC URL from DHCP: 2
[0330/215230:INFO:dhcp_proxy_script_adapter_fetcher_win.cc(265)] Error fetching PAC URL from DHCP: 2
[0330/215432:INFO:dhcp_proxy_script_adapter_fetcher_win.cc(265)] Error fetching PAC URL from DHCP: 2
[0330/215432:INFO:dhcp_proxy_script_adapter_fetcher_win.cc(265)] Error fetching PAC URL from DHCP: 2
[0330/215634:INFO:dhcp_proxy_script_adapter_fetcher_win.cc(265)] Error fetching PAC URL from DHCP: 2
[0330/215634:INFO:dhcp_proxy_script_adapter_fetcher_win.cc(265)] Error fetching PAC URL from DHCP: 2
[0330/215836:INFO:dhcp_proxy_script_adapter_fetcher_win.cc(265)] Error fetching PAC URL from DHCP: 2
[0330/215836:INFO:dhcp_proxy_script_adapter_fetcher_win.cc(265)] Error fetching PAC URL from DHCP: 2
[0330/220039:INFO:dhcp_proxy_script_adapter_fetcher_win.cc(265)] Error fetching PAC URL from DHCP: 2
[0330/220039:INFO:dhcp_proxy_script_adapter_fetcher_win.cc(265)] Error fetching PAC URL from DHCP: 2
[0330/220241:INFO:dhcp_proxy_script_adapter_fetcher_win.cc(265)] Error fetching PAC URL from DHCP: 2
[0330/220241:INFO:dhcp_proxy_script_adapter_fetcher_win.cc(265)] Error fetching PAC URL from DHCP: 2
[0330/220443:INFO:dhcp_proxy_script_adapter_fetcher_win.cc(265)] Error fetching PAC URL from DHCP: 2
[0330/220443:INFO:dhcp_proxy_script_adapter_fetcher_win.cc(265)] Error fetching PAC URL from DHCP: 2
[0330/220645:INFO:dhcp_proxy_script_adapter_fetcher_win.cc(265)] Error fetching PAC URL from DHCP: 2
[0330/220645:INFO:dhcp_proxy_script_adapter_fetcher_win.cc(265)] Error fetching PAC URL from DHCP: 2
[0330/220848:INFO:dhcp_proxy_script_adapter_fetcher_win.cc(265)] Error fetching PAC URL from DHCP: 2
[0330/220848:INFO:dhcp_proxy_script_adapter_fetcher_win.cc(265)] Error fetching PAC URL from DHCP: 2
[0330/221050:INFO:dhcp_proxy_script_adapter_fetcher_win.cc(265)] Error fetching PAC URL from DHCP: 2
[0330/221050:INFO:dhcp_proxy_script_adapter_fetcher_win.cc(265)] Error fetching PAC URL from DHCP: 2
[0330/221252:INFO:dhcp_proxy_script_adapter_fetcher_win.cc(265)] Error fetching PAC URL from DHCP: 2
[0330/221252:INFO:dhcp_proxy_script_adapter_fetcher_win.cc(265)] Error fetching PAC URL from DHCP: 2
[0330/221455:INFO:dhcp_proxy_script_adapter_fetcher_win.cc(265)] Error fetching PAC URL from DHCP: 2
[0330/221455:INFO:dhcp_proxy_script_adapter_fetcher_win.cc(265)] Error fetching PAC URL from DHCP: 2
[0330/221657:INFO:dhcp_proxy_script_adapter_fetcher_win.cc(265)] Error fetching PAC URL from DHCP: 2
[0330/221657:INFO:dhcp_proxy_script_adapter_fetcher_win.cc(265)] Error fetching PAC URL from DHCP: 2
[0330/221859:INFO:dhcp_proxy_script_adapter_fetcher_win.cc(265)] Error fetching PAC URL from DHCP: 2
[0330/221859:INFO:dhcp_proxy_script_adapter_fetcher_win.cc(265)] Error fetching PAC URL from DHCP: 2
[0330/222101:INFO:dhcp_proxy_script_adapter_fetcher_win.cc(265)] Error fetching PAC URL from DHCP: 2
[0330/222101:INFO:dhcp_proxy_script_adapter_fetcher_win.cc(265)] Error fetching PAC URL from DHCP: 2
[0330/222304:INFO:dhcp_proxy_script_adapter_fetcher_win.cc(265)] Error fetching PAC URL from DHCP: 2
[0330/222304:INFO:dhcp_proxy_script_adapter_fetcher_win.cc(265)] Error fetching PAC URL from DHCP: 2
[0330/222506:INFO:dhcp_proxy_script_adapter_fetcher_win.cc(265)] Error fetching PAC URL from DHCP: 2
[0330/222506:INFO:dhcp_proxy_script_adapter_fetcher_win.cc(265)] Error fetching PAC URL from DHCP: 2
[0330/222708:INFO:dhcp_proxy_script_adapter_fetcher_win.cc(265)] Error fetching PAC URL from DHCP: 2
[0330/222708:INFO:dhcp_proxy_script_adapter_fetcher_win.cc(265)] Error fetching PAC URL from DHCP: 2
[0330/222910:INFO:dhcp_proxy_script_adapter_fetcher_win.cc(265)] Error fetching PAC URL from DHCP: 2
[0330/222910:INFO:dhcp_proxy_script_adapter_fetcher_win.cc(265)] Error fetching PAC URL from DHCP: 2
[0330/223113:INFO:dhcp_proxy_script_adapter_fetcher_win.cc(265)] Error fetching PAC URL from DHCP: 2
[0330/223113:INFO:dhcp_proxy_script_adapter_fetcher_win.cc(265)] Error fetching PAC URL from DHCP: 2
[0330/223315:INFO:dhcp_proxy_script_adapter_fetcher_win.cc(265)] Error fetching PAC URL from DHCP: 2
[0330/223315:INFO:dhcp_proxy_script_adapter_fetcher_win.cc(265)] Error fetching PAC URL from DHCP: 2
[0330/223517:INFO:dhcp_proxy_script_adapter_fetcher_win.cc(265)] Error fetching PAC URL from DHCP: 2
[0330/223517:INFO:dhcp_proxy_script_adapter_fetcher_win.cc(265)] Error fetching PAC URL from DHCP: 2
[0330/223719:INFO:dhcp_proxy_script_adapter_fetcher_win.cc(265)] Error fetching PAC URL from DHCP: 2
[0330/223719:INFO:dhcp_proxy_script_adapter_fetcher_win.cc(265)] Error fetching PAC URL from DHCP: 2
[0330/223922:INFO:dhcp_proxy_script_adapter_fetcher_win.cc(265)] Error fetching PAC URL from DHCP: 2
[0330/223922:INFO:dhcp_proxy_script_adapter_fetcher_win.cc(265)] Error fetching PAC URL from DHCP: 2
[0330/224124:INFO:dhcp_proxy_script_adapter_fetcher_win.cc(265)] Error fetching PAC URL from DHCP: 2
[0330/224124:INFO:dhcp_proxy_script_adapter_fetcher_win.cc(265)] Error fetching PAC URL from DHCP: 2
[0330/224326:INFO:dhcp_proxy_script_adapter_fetcher_win.cc(265)] Error fetching PAC URL from DHCP: 2
[0330/224326:INFO:dhcp_proxy_script_adapter_fetcher_win.cc(265)] Error fetching PAC URL from DHCP: 2
[0330/224528:INFO:dhcp_proxy_script_adapter_fetcher_win.cc(265)] Error fetching PAC URL from DHCP: 2
[0330/224528:INFO:dhcp_proxy_script_adapter_fetcher_win.cc(265)] Error fetching PAC URL from DHCP: 2
[0330/224731:INFO:dhcp_proxy_script_adapter_fetcher_win.cc(265)] Error fetching PAC URL from DHCP: 2
[0330/224731:INFO:dhcp_proxy_script_adapter_fetcher_win.cc(265)] Error fetching PAC URL from DHCP: 2
[0330/224933:INFO:dhcp_proxy_script_adapter_fetcher_win.cc(265)] Error fetching PAC URL from DHCP: 2
[0330/224933:INFO:dhcp_proxy_script_adapter_fetcher_win.cc(265)] Error fetching PAC URL from DHCP: 2
[0330/225135:INFO:dhcp_proxy_script_adapter_fetcher_win.cc(265)] Error fetching PAC URL from DHCP: 2
[0330/225135:INFO:dhcp_proxy_script_adapter_fetcher_win.cc(265)] Error fetching PAC URL from DHCP: 2
[0330/225337:INFO:dhcp_proxy_script_adapter_fetcher_win.cc(265)] Error fetching PAC URL from DHCP: 2
[0330/225337:INFO:dhcp_proxy_script_adapter_fetcher_win.cc(265)] Error fetching PAC URL from DHCP: 2
[0330/225540:INFO:dhcp_proxy_script_adapter_fetcher_win.cc(265)] Error fetching PAC URL from DHCP: 2
[0330/225540:INFO:dhcp_proxy_script_adapter_fetcher_win.cc(265)] Error fetching PAC URL from DHCP: 2
[0330/225742:INFO:dhcp_proxy_script_adapter_fetcher_win.cc(265)] Error fetching PAC URL from DHCP: 2
[0330/225742:INFO:dhcp_proxy_script_adapter_fetcher_win.cc(265)] Error fetching PAC URL from DHCP: 2
[0330/225944:INFO:dhcp_proxy_script_adapter_fetcher_win.cc(265)] Error fetching PAC URL from DHCP: 2
[0330/225944:INFO:dhcp_proxy_script_adapter_fetcher_win.cc(265)] Error fetching PAC URL from DHCP: 2
[0330/230146:INFO:dhcp_proxy_script_adapter_fetcher_win.cc(265)] Error fetching PAC URL from DHCP: 2
[0330/230146:INFO:dhcp_proxy_script_adapter_fetcher_win.cc(265)] Error fetching PAC URL from DHCP: 2
[0330/230349:INFO:dhcp_proxy_script_adapter_fetcher_win.cc(265)] Error fetching PAC URL from DHCP: 2
[0330/230349:INFO:dhcp_proxy_script_adapter_fetcher_win.cc(265)] Error fetching PAC URL from DHCP: 2
[0330/230551:INFO:dhcp_proxy_script_adapter_fetcher_win.cc(265)] Error fetching PAC URL from DHCP: 2
[0330/230551:INFO:dhcp_proxy_script_adapter_fetcher_win.cc(265)] Error fetching PAC URL from DHCP: 2
[0330/230753:INFO:dhcp_proxy_script_adapter_fetcher_win.cc(265)] Error fetching PAC URL from DHCP: 2
[0330/230753:INFO:dhcp_proxy_script_adapter_fetcher_win.cc(265)] Error fetching PAC URL from DHCP: 2
[0330/230956:INFO:dhcp_proxy_script_adapter_fetcher_win.cc(265)] Error fetching PAC URL from DHCP: 2
[0330/230956:INFO:dhcp_proxy_script_adapter_fetcher_win.cc(265)] Error fetching PAC URL from DHCP: 2
[0330/231158:INFO:dhcp_proxy_script_adapter_fetcher_win.cc(265)] Error fetching PAC URL from DHCP: 2
[0330/231158:INFO:dhcp_proxy_script_adapter_fetcher_win.cc(265)] Error fetching PAC URL from DHCP: 2
[0330/231400:INFO:dhcp_proxy_script_adapter_fetcher_win.cc(265)] Error fetching PAC URL from DHCP: 2
[0330/231400:INFO:dhcp_proxy_script_adapter_fetcher_win.cc(265)] Error fetching PAC URL from DHCP: 2
[0330/231603:INFO:dhcp_proxy_script_adapter_fetcher_win.cc(265)] Error fetching PAC URL from DHCP: 2
[0330/231603:INFO:dhcp_proxy_script_adapter_fetcher_win.cc(265)] Error fetching PAC URL from DHCP: 2
[0330/231805:INFO:dhcp_proxy_script_adapter_fetcher_win.cc(265)] Error fetching PAC URL from DHCP: 2
[0330/231805:INFO:dhcp_proxy_script_adapter_fetcher_win.cc(265)] Error fetching PAC URL from DHCP: 2
[0330/232007:INFO:dhcp_proxy_script_adapter_fetcher_win.cc(265)] Error fetching PAC URL from DHCP: 2
[0330/232007:INFO:dhcp_proxy_script_adapter_fetcher_win.cc(265)] Error fetching PAC URL from DHCP: 2
[0330/232209:INFO:dhcp_proxy_script_adapter_fetcher_win.cc(265)] Error fetching PAC URL from DHCP: 2
[0330/232209:INFO:dhcp_proxy_script_adapter_fetcher_win.cc(265)] Error fetching PAC URL from DHCP: 2
[0330/232412:INFO:dhcp_proxy_script_adapter_fetcher_win.cc(265)] Error fetching PAC URL from DHCP: 2
[0330/232412:INFO:dhcp_proxy_script_adapter_fetcher_win.cc(265)] Error fetching PAC URL from DHCP: 2
[0330/232614:INFO:dhcp_proxy_script_adapter_fetcher_win.cc(265)] Error fetching PAC URL from DHCP: 2
[0330/232614:INFO:dhcp_proxy_script_adapter_fetcher_win.cc(265)] Error fetching PAC URL from DHCP: 2
[0330/232816:INFO:dhcp_proxy_script_adapter_fetcher_win.cc(265)] Error fetching PAC URL from DHCP: 2
[0330/232816:INFO:dhcp_proxy_script_adapter_fetcher_win.cc(265)] Error fetching PAC URL from DHCP: 2
[0330/233018:INFO:dhcp_proxy_script_adapter_fetcher_win.cc(265)] Error fetching PAC URL from DHCP: 2
[0330/233018:INFO:dhcp_proxy_script_adapter_fetcher_win.cc(265)] Error fetching PAC URL from DHCP: 2
[0330/233221:INFO:dhcp_proxy_script_adapter_fetcher_win.cc(265)] Error fetching PAC URL from DHCP: 2
[0330/233221:INFO:dhcp_proxy_script_adapter_fetcher_win.cc(265)] Error fetching PAC URL from DHCP: 2
[0330/233423:INFO:dhcp_proxy_script_adapter_fetcher_win.cc(265)] Error fetching PAC URL from DHCP: 2
[0330/233423:INFO:dhcp_proxy_script_adapter_fetcher_win.cc(265)] Error fetching PAC URL from DHCP: 2
[0331/165834:ERROR:internal_helper.cc(460)] Error while parsing config paths, the following directory does not exist: C:/Users/Sripong/workspace/Unity/Skeleton/Assets\awe_plugins
[0331/165834:INFO:(0)] WebCore is now online.
[0331/165834:INFO:(0)] Running Awesomium 1.7.5.1
[0331/165834:INFO:dhcp_proxy_script_adapter_fetcher_win.cc(265)] Error fetching PAC URL from DHCP: 2
[0331/165840:INFO:dhcp_proxy_script_adapter_fetcher_win.cc(265)] Error fetching PAC URL from DHCP: 2
[0331/165851:INFO:dhcp_proxy_script_adapter_fetcher_win.cc(265)] Error fetching PAC URL from DHCP: 2
[0331/165909:INFO:dhcp_proxy_script_adapter_fetcher_win.cc(265)] Error fetching PAC URL from DHCP: 2
[0331/165943:INFO:dhcp_proxy_script_adapter_fetcher_win.cc(265)] Error fetching PAC URL from DHCP: 2
[0331/170049:INFO:dhcp_proxy_script_adapter_fetcher_win.cc(265)] Error fetching PAC URL from DHCP: 2
[0331/170252:INFO:dhcp_proxy_script_adapter_fetcher_win.cc(265)] Error fetching PAC URL from DHCP: 2
[0331/170454:INFO:dhcp_proxy_script_adapter_fetcher_win.cc(265)] Error fetching PAC URL from DHCP: 2
[0331/170656:INFO:dhcp_proxy_script_adapter_fetcher_win.cc(265)] Error fetching PAC URL from DHCP: 2
[0331/170858:INFO:dhcp_proxy_script_adapter_fetcher_win.cc(265)] Error fetching PAC URL from DHCP: 2
[0331/171101:INFO:dhcp_proxy_script_adapter_fetcher_win.cc(265)] Error fetching PAC URL from DHCP: 2
[0331/171303:INFO:dhcp_proxy_script_adapter_fetcher_win.cc(265)] Error fetching PAC URL from DHCP: 2
[0331/171505:INFO:dhcp_proxy_script_adapter_fetcher_win.cc(265)] Error fetching PAC URL from DHCP: 2
[0331/171708:INFO:dhcp_proxy_script_adapter_fetcher_win.cc(265)] Error fetching PAC URL from DHCP: 2
[0331/171910:INFO:dhcp_proxy_script_adapter_fetcher_win.cc(265)] Error fetching PAC URL from DHCP: 2
[0331/172112:INFO:dhcp_proxy_script_adapter_fetcher_win.cc(265)] Error fetching PAC URL from DHCP: 2
[0331/172314:INFO:dhcp_proxy_script_adapter_fetcher_win.cc(265)] Error fetching PAC URL from DHCP: 2
[0331/172517:INFO:dhcp_proxy_script_adapter_fetcher_win.cc(265)] Error fetching PAC URL from DHCP: 2
[0331/172719:INFO:dhcp_proxy_script_adapter_fetcher_win.cc(265)] Error fetching PAC URL from DHCP: 2
[0331/172921:INFO:dhcp_proxy_script_adapter_fetcher_win.cc(265)] Error fetching PAC URL from DHCP: 2
[0331/173123:INFO:dhcp_proxy_script_adapter_fetcher_win.cc(265)] Error fetching PAC URL from DHCP: 2
[0331/173326:INFO:dhcp_proxy_script_adapter_fetcher_win.cc(265)] Error fetching PAC URL from DHCP: 2
[0331/173528:INFO:dhcp_proxy_script_adapter_fetcher_win.cc(265)] Error fetching PAC URL from DHCP: 2
[0331/173730:INFO:dhcp_proxy_script_adapter_fetcher_win.cc(265)] Error fetching PAC URL from DHCP: 2
[0331/173932:INFO:dhcp_proxy_script_adapter_fetcher_win.cc(265)] Error fetching PAC URL from DHCP: 2
[0331/174135:INFO:dhcp_proxy_script_adapter_fetcher_win.cc(265)] Error fetching PAC URL from DHCP: 2
[0331/174337:INFO:dhcp_proxy_script_adapter_fetcher_win.cc(265)] Error fetching PAC URL from DHCP: 2
[0331/174539:INFO:dhcp_proxy_script_adapter_fetcher_win.cc(265)] Error fetching PAC URL from DHCP: 2
[0331/174741:INFO:dhcp_proxy_script_adapter_fetcher_win.cc(265)] Error fetching PAC URL from DHCP: 2
[0331/174944:INFO:dhcp_proxy_script_adapter_fetcher_win.cc(265)] Error fetching PAC URL from DHCP: 2
[0331/175146:INFO:dhcp_proxy_script_adapter_fetcher_win.cc(265)] Error fetching PAC URL from DHCP: 2
[0331/175348:INFO:dhcp_proxy_script_adapter_fetcher_win.cc(265)] Error fetching PAC URL from DHCP: 2
[0331/175550:INFO:dhcp_proxy_script_adapter_fetcher_win.cc(265)] Error fetching PAC URL from DHCP: 2
[0331/175753:INFO:dhcp_proxy_script_adapter_fetcher_win.cc(265)] Error fetching PAC URL from DHCP: 2
[0331/175955:INFO:dhcp_proxy_script_adapter_fetcher_win.cc(265)] Error fetching PAC URL from DHCP: 2
[0331/180157:INFO:dhcp_proxy_script_adapter_fetcher_win.cc(265)] Error fetching PAC URL from DHCP: 2
[0331/180359:INFO:dhcp_proxy_script_adapter_fetcher_win.cc(265)] Error fetching PAC URL from DHCP: 2
[0331/180602:INFO:dhcp_proxy_script_adapter_fetcher_win.cc(265)] Error fetching PAC URL from DHCP: 2
[0331/180804:INFO:dhcp_proxy_script_adapter_fetcher_win.cc(265)] Error fetching PAC URL from DHCP: 2
[0331/181006:INFO:dhcp_proxy_script_adapter_fetcher_win.cc(265)] Error fetching PAC URL from DHCP: 2
[0331/181208:INFO:dhcp_proxy_script_adapter_fetcher_win.cc(265)] Error fetching PAC URL from DHCP: 2
[0331/181411:INFO:dhcp_proxy_script_adapter_fetcher_win.cc(265)] Error fetching PAC URL from DHCP: 2
[0331/181613:INFO:dhcp_proxy_script_adapter_fetcher_win.cc(265)] Error fetching PAC URL from DHCP: 2
[0331/181815:INFO:dhcp_proxy_script_adapter_fetcher_win.cc(265)] Error fetching PAC URL from DHCP: 2
[0331/182017:INFO:dhcp_proxy_script_adapter_fetcher_win.cc(265)] Error fetching PAC URL from DHCP: 2
[0331/182220:INFO:dhcp_proxy_script_adapter_fetcher_win.cc(265)] Error fetching PAC URL from DHCP: 2
[0331/182422:INFO:dhcp_proxy_script_adapter_fetcher_win.cc(265)] Error fetching PAC URL from DHCP: 2
[0331/182624:INFO:dhcp_proxy_script_adapter_fetcher_win.cc(265)] Error fetching PAC URL from DHCP: 2
[0331/182826:INFO:dhcp_proxy_script_adapter_fetcher_win.cc(265)] Error fetching PAC URL from DHCP: 2
[0331/183029:INFO:dhcp_proxy_script_adapter_fetcher_win.cc(265)] Error fetching PAC URL from DHCP: 2
[0331/183231:INFO:dhcp_proxy_script_adapter_fetcher_win.cc(265)] Error fetching PAC URL from DHCP: 2
[0331/183433:INFO:dhcp_proxy_script_adapter_fetcher_win.cc(265)] Error fetching PAC URL from DHCP: 2
[0331/183635:INFO:dhcp_proxy_script_adapter_fetcher_win.cc(265)] Error fetching PAC URL from DHCP: 2
[0331/183838:INFO:dhcp_proxy_script_adapter_fetcher_win.cc(265)] Error fetching PAC URL from DHCP: 2
[0331/184040:INFO:dhcp_proxy_script_adapter_fetcher_win.cc(265)] Error fetching PAC URL from DHCP: 2
